diff --git a/.thunderdome-stderr.log b/.thunderdome-stderr.log
new file mode 100644
index 0000000..b441d60
--- /dev/null
+++ b/.thunderdome-stderr.log
@@ -0,0 +1,113 @@
+Failed to install provider-anthropic: Failed to install: Using Python 3.11.2 environment at: /usr
+Resolved 17 packages in 18ms
+   Building amplifier-module-provider-anthropic @ file:///tmp/.amplifier/cache/amplifier-module-provider-anthropic-5181591dcf06d076
+      Built amplifier-module-provider-anthropic @ file:///tmp/.amplifier/cache/amplifier-module-provider-anthropic-5181591dcf06d076
+Prepared 1 package in 295ms
+error: Failed to install: amplifier_module_provider_anthropic-1.0.0-py3-none-any.whl (amplifier-module-provider-anthropic==1.0.0 (from file:///tmp/.amplifier/cache/amplifier-module-provider-anthropic-5181591dcf06d076))
+  Caused by: failed to create directory `/usr/local/lib/python3.11/dist-packages/amplifier_module_provider_anthropic-1.0.0.dist-info`: Permission denied (os error 13)
+
+Failed to install provider-gemini: Failed to install: Using Python 3.11.2 environment at: /usr
+Resolved 27 packages in 386ms
+   Building amplifier-module-provider-gemini @ file:///tmp/.amplifier/cache/amplifier-module-provider-gemini-06d1437d03d6b064
+Downloading cryptography (4.3MiB)
+ Downloaded cryptography
+      Built amplifier-module-provider-gemini @ file:///tmp/.amplifier/cache/amplifier-module-provider-gemini-06d1437d03d6b064
+Prepared 14 packages in 299ms
+error: Failed to install: tenacity-9.1.4-py3-none-any.whl (tenacity==9.1.4)
+  Caused by: failed to create directory `/usr/local/lib/python3.11/dist-packages/tenacity-9.1.4.dist-info`: Permission denied (os error 13)
+
+Failed to install provider-ollama: Failed to install: Using Python 3.11.2 environment at: /usr
+Resolved 13 packages in 214ms
+   Building amplifier-module-provider-ollama @ file:///tmp/.amplifier/cache/amplifier-module-provider-ollama-014c2047033c455b
+      Built amplifier-module-provider-ollama @ file:///tmp/.amplifier/cache/amplifier-module-provider-ollama-014c2047033c455b
+Prepared 2 packages in 295ms
+error: Failed to install: ollama-0.6.1-py3-none-any.whl (ollama==0.6.1)
+  Caused by: failed to create directory `/usr/local/lib/python3.11/dist-packages/ollama-0.6.1.dist-info`: Permission denied (os error 13)
+
+Failed to install provider-openai: Failed to install: Using Python 3.11.2 environment at: /usr
+Resolved 17 packages in 242ms
+   Building amplifier-module-provider-openai @ file:///tmp/.amplifier/cache/amplifier-module-provider-openai-e2c4b8c10222ed8c
+Downloading openai (1.0MiB)
+ Downloaded openai
+      Built amplifier-module-provider-openai @ file:///tmp/.amplifier/cache/amplifier-module-provider-openai-e2c4b8c10222ed8c
+Prepared 3 packages in 296ms
+error: Failed to install: tqdm-4.67.3-py3-none-any.whl (tqdm==4.67.3)
+  Caused by: failed to create directory `/usr/local/lib/python3.11/dist-packages/tqdm-4.67.3.dist-info`: Permission denied (os error 13)
+
+Failed to install provider-vllm: Failed to install: Using Python 3.11.2 environment at: /usr
+Resolved 18 packages in 184ms
+   Building amplifier-module-provider-vllm @ file:///tmp/.amplifier/cache/amplifier-module-provider-vllm-ac98bf87e319447e
+Downloading openai-harmony (2.8MiB)
+ Downloaded openai-harmony
+      Built amplifier-module-provider-vllm @ file:///tmp/.amplifier/cache/amplifier-module-provider-vllm-ac98bf87e319447e
+Prepared 2 packages in 294ms
+error: Failed to install: openai_harmony-0.0.8-cp38-abi3-manylinux_2_17_x86_64.manylinux2014_x86_64.whl (openai-harmony==0.0.8)
+  Caused by: failed to create directory `/usr/local/lib/python3.11/dist-packages/openai_harmony-0.0.8.dist-info`: Permission denied (os error 13)
+
+Failed to install provider-azure-openai: Failed to install: Using Python 3.11.2 environment at: /usr
+Resolved 28 packages in 269ms
+   Building amplifier-module-provider-azure-openai @ file:///tmp/.amplifier/cache/amplifier-module-provider-azure-openai-922834ab260b519e
+      Built amplifier-module-provider-azure-openai @ file:///tmp/.amplifier/cache/amplifier-module-provider-azure-openai-922834ab260b519e
+Prepared 6 packages in 297ms
+error: Failed to install: pyjwt-2.11.0-py3-none-any.whl (pyjwt==2.11.0)
+  Caused by: failed to create directory `/usr/local/lib/python3.11/dist-packages/jwt`: Permission denied (os error 13)
+
+No provider credentials found in environment. Set ANTHROPIC_API_KEY, OPENAI_API_KEY, etc. or run 'amplifier init' interactively.
+Failed to install module from /tmp/.amplifier/cache/amplifier-d1dda27a16518560.
+stdout: 
+stderr: error: failed to remove file `/usr/local/lib/python3.11/dist-packages/../../../bin/amplifier`: Permission denied (os error 13)
+
+Traceback (most recent call last):
+  File "/usr/local/bin/amplifier", line 8, in <module>
+    sys.exit(main())
+             ^^^^^^
+  File "/usr/local/lib/python3.11/dist-packages/amplifier_app_cli/main.py", line 1941, in main
+    cli()
+  File "/usr/local/lib/python3.11/dist-packages/click/core.py", line 1485, in __call__
+    return self.main(*args, **kwargs)
+           ^^^^^^^^^^^^^^^^^^^^^^^^^^
+  File "/usr/local/lib/python3.11/dist-packages/click/core.py", line 1406, in main
+    rv = self.invoke(ctx)
+         ^^^^^^^^^^^^^^^^
+  File "/usr/local/lib/python3.11/dist-packages/click/core.py", line 1873, in invoke
+    return _process_result(sub_ctx.command.invoke(sub_ctx))
+                           ^^^^^^^^^^^^^^^^^^^^^^^^^^^^^^^
+  File "/usr/local/lib/python3.11/dist-packages/click/core.py", line 1269, in invoke
+    return ctx.invoke(self.callback, **ctx.params)
+           ^^^^^^^^^^^^^^^^^^^^^^^^^^^^^^^^^^^^^^^
+  File "/usr/local/lib/python3.11/dist-packages/click/core.py", line 824, in invoke
+    return callback(*args, **kwargs)
+           ^^^^^^^^^^^^^^^^^^^^^^^^^
+  File "/usr/local/lib/python3.11/dist-packages/amplifier_app_cli/commands/run.py", line 164, in run
+    config_data, prepared_bundle = resolve_config(
+                                   ^^^^^^^^^^^^^^^
+  File "/usr/local/lib/python3.11/dist-packages/amplifier_app_cli/runtime/config.py", line 754, in resolve_config
+    result = asyncio.run(
+             ^^^^^^^^^^^^
+  File "/usr/lib/python3.11/asyncio/runners.py", line 190, in run
+    return runner.run(main)
+           ^^^^^^^^^^^^^^^^
+  File "/usr/lib/python3.11/asyncio/runners.py", line 118, in run
+    return self._loop.run_until_complete(task)
+           ^^^^^^^^^^^^^^^^^^^^^^^^^^^^^^^^^^^
+  File "/usr/lib/python3.11/asyncio/base_events.py", line 653, in run_until_complete
+    return future.result()
+           ^^^^^^^^^^^^^^^
+  File "/usr/local/lib/python3.11/dist-packages/amplifier_app_cli/runtime/config.py", line 696, in resolve_config_async
+    config_data, prepared_bundle = await resolve_bundle_config(
+                                   ^^^^^^^^^^^^^^^^^^^^^^^^^^^^
+  File "/usr/local/lib/python3.11/dist-packages/amplifier_app_cli/runtime/config.py", line 112, in resolve_bundle_config
+    prepared = await load_and_prepare_bundle(
+               ^^^^^^^^^^^^^^^^^^^^^^^^^^^^^^
+  File "/usr/local/lib/python3.11/dist-packages/amplifier_app_cli/lib/bundle_loader/prepare.py", line 149, in load_and_prepare_bundle
+    prepared = await bundle.prepare(
+               ^^^^^^^^^^^^^^^^^^^^^
+  File "/usr/local/lib/python3.11/dist-packages/amplifier_foundation/bundle.py", line 306, in prepare
+    await activator.activate_bundle_package(bundle_path)
+  File "/usr/local/lib/python3.11/dist-packages/amplifier_foundation/modules/activator.py", line 171, in activate_bundle_package
+    await self._install_dependencies(bundle_path)
+  File "/usr/local/lib/python3.11/dist-packages/amplifier_foundation/modules/activator.py", line 213, in _install_dependencies
+    subprocess.run(
+  File "/usr/lib/python3.11/subprocess.py", line 571, in run
+    raise CalledProcessError(retcode, process.args,
+subprocess.CalledProcessError: Command '['uv', 'pip', 'install', '-e', '/tmp/.amplifier/cache/amplifier-d1dda27a16518560', '--python', '/usr/bin/python3', '--quiet']' returned non-zero exit status 2.
