diff --git a/.amplifier/settings.local.yaml b/.amplifier/settings.local.yaml
new file mode 100644
index 0000000..87d3b35
--- /dev/null
+++ b/.amplifier/settings.local.yaml
@@ -0,0 +1,11 @@
+config:
+  providers:
+  - config:
+      api_key: ${ANTHROPIC_API_KEY}
+      base_url: https://api.anthropic.com
+      default_model: claude-sonnet-4-5
+      enable_1m_context: 'true'
+      enable_prompt_caching: 'true'
+      priority: 1
+    module: provider-anthropic
+    source: git+https://github.com/microsoft/amplifier-module-provider-anthropic@main
diff --git a/.thunderdome-stderr.log b/.thunderdome-stderr.log
new file mode 100644
index 0000000..20f1c42
--- /dev/null
+++ b/.thunderdome-stderr.log
@@ -0,0 +1,75 @@
+Failed to install module from /tmp/.amplifier/cache/amplifier-d1dda27a16518560.
+stdout: 
+stderr: error: The interpreter at /usr is externally managed, and indicates the following:
+
+  To install Python packages system-wide, try apt install
+  python3-xyz, where xyz is the package you are trying to
+  install.
+
+  If you wish to install a non-Debian-packaged Python package,
+  create a virtual environment using python3 -m venv path/to/venv.
+  Then use path/to/venv/bin/python and path/to/venv/bin/pip. Make
+  sure you have python3-full installed.
+
+  If you wish to install a non-Debian packaged Python application,
+  it may be easiest to use pipx install xyz, which will manage a
+  virtual environment for you. Make sure you have pipx installed.
+
+  See /usr/share/doc/python3.11/README.venv for more information.
+
+hint: Consider creating a virtual environment, e.g., with `uv venv`
+
+Traceback (most recent call last):
+  File "/usr/local/bin/amplifier", line 8, in <module>
+    sys.exit(main())
+             ^^^^^^
+  File "/usr/local/lib/python3.11/dist-packages/amplifier_app_cli/main.py", line 1941, in main
+    cli()
+  File "/usr/local/lib/python3.11/dist-packages/click/core.py", line 1485, in __call__
+    return self.main(*args, **kwargs)
+           ^^^^^^^^^^^^^^^^^^^^^^^^^^
+  File "/usr/local/lib/python3.11/dist-packages/click/core.py", line 1406, in main
+    rv = self.invoke(ctx)
+         ^^^^^^^^^^^^^^^^
+  File "/usr/local/lib/python3.11/dist-packages/click/core.py", line 1873, in invoke
+    return _process_result(sub_ctx.command.invoke(sub_ctx))
+                           ^^^^^^^^^^^^^^^^^^^^^^^^^^^^^^^
+  File "/usr/local/lib/python3.11/dist-packages/click/core.py", line 1269, in invoke
+    return ctx.invoke(self.callback, **ctx.params)
+           ^^^^^^^^^^^^^^^^^^^^^^^^^^^^^^^^^^^^^^^
+  File "/usr/local/lib/python3.11/dist-packages/click/core.py", line 824, in invoke
+    return callback(*args, **kwargs)
+           ^^^^^^^^^^^^^^^^^^^^^^^^^
+  File "/usr/local/lib/python3.11/dist-packages/amplifier_app_cli/commands/run.py", line 164, in run
+    config_data, prepared_bundle = resolve_config(
+                                   ^^^^^^^^^^^^^^^
+  File "/usr/local/lib/python3.11/dist-packages/amplifier_app_cli/runtime/config.py", line 754, in resolve_config
+    result = asyncio.run(
+             ^^^^^^^^^^^^
+  File "/usr/lib/python3.11/asyncio/runners.py", line 190, in run
+    return runner.run(main)
+           ^^^^^^^^^^^^^^^^
+  File "/usr/lib/python3.11/asyncio/runners.py", line 118, in run
+    return self._loop.run_until_complete(task)
+           ^^^^^^^^^^^^^^^^^^^^^^^^^^^^^^^^^^^
+  File "/usr/lib/python3.11/asyncio/base_events.py", line 653, in run_until_complete
+    return future.result()
+           ^^^^^^^^^^^^^^^
+  File "/usr/local/lib/python3.11/dist-packages/amplifier_app_cli/runtime/config.py", line 696, in resolve_config_async
+    config_data, prepared_bundle = await resolve_bundle_config(
+                                   ^^^^^^^^^^^^^^^^^^^^^^^^^^^^
+  File "/usr/local/lib/python3.11/dist-packages/amplifier_app_cli/runtime/config.py", line 112, in resolve_bundle_config
+    prepared = await load_and_prepare_bundle(
+               ^^^^^^^^^^^^^^^^^^^^^^^^^^^^^^
+  File "/usr/local/lib/python3.11/dist-packages/amplifier_app_cli/lib/bundle_loader/prepare.py", line 149, in load_and_prepare_bundle
+    prepared = await bundle.prepare(
+               ^^^^^^^^^^^^^^^^^^^^^
+  File "/usr/local/lib/python3.11/dist-packages/amplifier_foundation/bundle.py", line 306, in prepare
+    await activator.activate_bundle_package(bundle_path)
+  File "/usr/local/lib/python3.11/dist-packages/amplifier_foundation/modules/activator.py", line 171, in activate_bundle_package
+    await self._install_dependencies(bundle_path)
+  File "/usr/local/lib/python3.11/dist-packages/amplifier_foundation/modules/activator.py", line 213, in _install_dependencies
+    subprocess.run(
+  File "/usr/lib/python3.11/subprocess.py", line 571, in run
+    raise CalledProcessError(retcode, process.args,
+subprocess.CalledProcessError: Command '['uv', 'pip', 'install', '-e', '/tmp/.amplifier/cache/amplifier-d1dda27a16518560', '--python', '/usr/bin/python3', '--quiet']' returned non-zero exit status 2.
